The system is: Linux - 5.3.18-150300.59.60-default - x86_64
Compiling the CXX compiler identification source file "CMakeCXXCompilerId.cpp" succeeded.
Compiler: /usr/bin/g++-10 
Build flags: 
Id flags:  

The output was:
0


Compilation of the CXX compiler identification source "CMakeCXXCompilerId.cpp" produced "a.out"

The CXX compiler identification is GNU, found in "/home/bscuser/new/io-scheduler/build/CMakeFiles/3.17.0/CompilerIdCXX/a.out"

Determining if the CXX compiler works passed with the following output:
Change Dir: /home/bscuser/new/io-scheduler/build/CMakeFiles/CMakeTmp

Run Build Command(s):/usr/bin/gmake cmTC_298c5/fast && /usr/bin/gmake -f CMakeFiles/cmTC_298c5.dir/build.make CMakeFiles/cmTC_298c5.dir/build
gmake[1]: se entra en el directorio '/home/bscuser/new/io-scheduler/build/CMakeFiles/CMakeTmp'
Building CXX object CMakeFiles/cmTC_298c5.dir/testCXXCompiler.cxx.o
/usr/bin/g++-10     -o CMakeFiles/cmTC_298c5.dir/testCXXCompiler.cxx.o -c /home/bscuser/new/io-scheduler/build/CMakeFiles/CMakeTmp/testCXXCompiler.cxx
Linking CXX executable cmTC_298c5
/usr/bin/cmake -E cmake_link_script CMakeFiles/cmTC_298c5.dir/link.txt --verbose=1
/usr/bin/g++-10       CMakeFiles/cmTC_298c5.dir/testCXXCompiler.cxx.o  -o cmTC_298c5 
gmake[1]: se sale del directorio '/home/bscuser/new/io-scheduler/build/CMakeFiles/CMakeTmp'



Detecting CXX compiler ABI info compiled with the following output:
Change Dir: /home/bscuser/new/io-scheduler/build/CMakeFiles/CMakeTmp

Run Build Command(s):/usr/bin/gmake cmTC_54ed4/fast && /usr/bin/gmake -f CMakeFiles/cmTC_54ed4.dir/build.make CMakeFiles/cmTC_54ed4.dir/build
gmake[1]: Entering directory '/home/bscuser/new/io-scheduler/build/CMakeFiles/CMakeTmp'
Building CXX object CMakeFiles/cmTC_54ed4.dir/CMakeCXXCompilerABI.cpp.o
/usr/bin/g++-10    -v -o CMakeFiles/cmTC_54ed4.dir/CMakeCXXCompilerABI.cpp.o -c /usr/share/cmake/Modules/CMakeCXXCompilerABI.cpp
Using built-in specs.
COLLECT_GCC=/usr/bin/g++-10
OFFLOAD_TARGET_NAMES=nvptx-none
OFFLOAD_TARGET_DEFAULT=1
Target: x86_64-suse-linux
Configured with: ../configure --prefix=/usr --infodir=/usr/share/info --mandir=/usr/share/man --libdir=/usr/lib64 --libexecdir=/usr/lib64 --enable-languages=c,c++,objc,fortran,obj-c++,ada,go,d --enable-offload-targets=nvptx-none, --without-cuda-driver --enable-checking=release --disable-werror --with-gxx-include-dir=/usr/include/c++/10 --enable-ssp --disable-libssp --disable-libvtv --enable-cet=auto --disable-libcc1 --disable-plugin --with-bugurl=https://bugs.opensuse.org/ --with-pkgversion='SUSE Linux' --with-slibdir=/lib64 --with-system-zlib --enable-libstdcxx-allocator=new --disable-libstdcxx-pch --enable-libphobos --enable-version-specific-runtime-libs --with-gcc-major-version-only --enable-linker-build-id --enable-linux-futex --enable-gnu-indirect-function --program-suffix=-10 --without-system-libunwind --enable-multilib --with-arch-32=x86-64 --with-tune=generic --build=x86_64-suse-linux --host=x86_64-suse-linux
Thread model: posix
Supported LTO compression algorithms: zlib
gcc version 10.3.0 (SUSE Linux) 
COLLECT_GCC_OPTIONS='-v' '-o' 'CMakeFiles/cmTC_54ed4.dir/CMakeCXXCompilerABI.cpp.o' '-c' '-shared-libgcc' '-mtune=generic' '-march=x86-64'
 /usr/lib64/gcc/x86_64-suse-linux/10/cc1plus -quiet -v -D_GNU_SOURCE /usr/share/cmake/Modules/CMakeCXXCompilerABI.cpp -quiet -dumpbase CMakeCXXCompilerABI.cpp -mtune=generic -march=x86-64 -auxbase-strip CMakeFiles/cmTC_54ed4.dir/CMakeCXXCompilerABI.cpp.o -version -o /tmp/ccpjiwBr.s
GNU C++14 (SUSE Linux) version 10.3.0 (x86_64-suse-linux)
	compiled by GNU C version 10.3.0, GMP version 6.1.2, MPFR version 4.0.2-p6, MPC version 1.1.0, isl version isl-0.18-GMP

GGC heuristics: --param ggc-min-expand=100 --param ggc-min-heapsize=131072
#include "..." search starts here:
#include <...> search starts here:
 /usr/include/c++/10
 /usr/include/c++/10/x86_64-suse-linux
 /usr/include/c++/10/backward
 /usr/lib64/gcc/x86_64-suse-linux/10/include
 /usr/local/include
 /usr/lib64/gcc/x86_64-suse-linux/10/include-fixed
 /usr/lib64/gcc/x86_64-suse-linux/10/../../../../x86_64-suse-linux/include
 /usr/include
End of search list.
GNU C++14 (SUSE Linux) version 10.3.0 (x86_64-suse-linux)
	compiled by GNU C version 10.3.0, GMP version 6.1.2, MPFR version 4.0.2-p6, MPC version 1.1.0, isl version isl-0.18-GMP

GGC heuristics: --param ggc-min-expand=100 --param ggc-min-heapsize=131072
Compiler executable checksum: 00000000000000000000000000000000
COLLECT_GCC_OPTIONS='-v' '-o' 'CMakeFiles/cmTC_54ed4.dir/CMakeCXXCompilerABI.cpp.o' '-c' '-shared-libgcc' '-mtune=generic' '-march=x86-64'
 /usr/lib64/gcc/x86_64-suse-linux/10/../../../../x86_64-suse-linux/bin/as -v --64 -o CMakeFiles/cmTC_54ed4.dir/CMakeCXXCompilerABI.cpp.o /tmp/ccpjiwBr.s
GNU assembler version 2.37 (x86_64-suse-linux) using BFD version (GNU Binutils; SUSE Linux Enterprise 15) 2.37.20211103-7.26
COMPILER_PATH=/usr/lib64/gcc/x86_64-suse-linux/10/:/usr/lib64/gcc/x86_64-suse-linux/10/:/usr/lib64/gcc/x86_64-suse-linux/:/usr/lib64/gcc/x86_64-suse-linux/10/:/usr/lib64/gcc/x86_64-suse-linux/:/usr/lib64/gcc/x86_64-suse-linux/10/../../../../x86_64-suse-linux/bin/
LIBRARY_PATH=/usr/lib64/gcc/x86_64-suse-linux/10/:/usr/lib64/gcc/x86_64-suse-linux/10/../../../../lib64/:/lib/../lib64/:/usr/lib/../lib64/:/usr/lib64/gcc/x86_64-suse-linux/10/../../../../x86_64-suse-linux/lib/:/usr/lib64/gcc/x86_64-suse-linux/10/../../../:/lib/:/usr/lib/
COLLECT_GCC_OPTIONS='-v' '-o' 'CMakeFiles/cmTC_54ed4.dir/CMakeCXXCompilerABI.cpp.o' '-c' '-shared-libgcc' '-mtune=generic' '-march=x86-64'
Linking CXX executable cmTC_54ed4
/usr/bin/cmake -E cmake_link_script CMakeFiles/cmTC_54ed4.dir/link.txt --verbose=1
/usr/bin/g++-10      -v CMakeFiles/cmTC_54ed4.dir/CMakeCXXCompilerABI.cpp.o  -o cmTC_54ed4 
Using built-in specs.
COLLECT_GCC=/usr/bin/g++-10
COLLECT_LTO_WRAPPER=/usr/lib64/gcc/x86_64-suse-linux/10/lto-wrapper
OFFLOAD_TARGET_NAMES=nvptx-none
OFFLOAD_TARGET_DEFAULT=1
Target: x86_64-suse-linux
Configured with: ../configure --prefix=/usr --infodir=/usr/share/info --mandir=/usr/share/man --libdir=/usr/lib64 --libexecdir=/usr/lib64 --enable-languages=c,c++,objc,fortran,obj-c++,ada,go,d --enable-offload-targets=nvptx-none, --without-cuda-driver --enable-checking=release --disable-werror --with-gxx-include-dir=/usr/include/c++/10 --enable-ssp --disable-libssp --disable-libvtv --enable-cet=auto --disable-libcc1 --disable-plugin --with-bugurl=https://bugs.opensuse.org/ --with-pkgversion='SUSE Linux' --with-slibdir=/lib64 --with-system-zlib --enable-libstdcxx-allocator=new --disable-libstdcxx-pch --enable-libphobos --enable-version-specific-runtime-libs --with-gcc-major-version-only --enable-linker-build-id --enable-linux-futex --enable-gnu-indirect-function --program-suffix=-10 --without-system-libunwind --enable-multilib --with-arch-32=x86-64 --with-tune=generic --build=x86_64-suse-linux --host=x86_64-suse-linux
Thread model: posix
Supported LTO compression algorithms: zlib
gcc version 10.3.0 (SUSE Linux) 
COMPILER_PATH=/usr/lib64/gcc/x86_64-suse-linux/10/:/usr/lib64/gcc/x86_64-suse-linux/10/:/usr/lib64/gcc/x86_64-suse-linux/:/usr/lib64/gcc/x86_64-suse-linux/10/:/usr/lib64/gcc/x86_64-suse-linux/:/usr/lib64/gcc/x86_64-suse-linux/10/../../../../x86_64-suse-linux/bin/
LIBRARY_PATH=/usr/lib64/gcc/x86_64-suse-linux/10/:/usr/lib64/gcc/x86_64-suse-linux/10/../../../../lib64/:/lib/../lib64/:/usr/lib/../lib64/:/usr/lib64/gcc/x86_64-suse-linux/10/../../../../x86_64-suse-linux/lib/:/usr/lib64/gcc/x86_64-suse-linux/10/../../../:/lib/:/usr/lib/
COLLECT_GCC_OPTIONS='-v' '-o' 'cmTC_54ed4' '-shared-libgcc' '-mtune=generic' '-march=x86-64'
 /usr/lib64/gcc/x86_64-suse-linux/10/collect2 -plugin /usr/lib64/gcc/x86_64-suse-linux/10/liblto_plugin.so -plugin-opt=/usr/lib64/gcc/x86_64-suse-linux/10/lto-wrapper -plugin-opt=-fresolution=/tmp/ccUxO6PL.res -plugin-opt=-pass-through=-lgcc_s -plugin-opt=-pass-through=-lgcc -plugin-opt=-pass-through=-lc -plugin-opt=-pass-through=-lgcc_s -plugin-opt=-pass-through=-lgcc --build-id --eh-frame-hdr -m elf_x86_64 -dynamic-linker /lib64/ld-linux-x86-64.so.2 -o cmTC_54ed4 /usr/lib64/gcc/x86_64-suse-linux/10/../../../../lib64/crt1.o /usr/lib64/gcc/x86_64-suse-linux/10/../../../../lib64/crti.o /usr/lib64/gcc/x86_64-suse-linux/10/crtbegin.o -L/usr/lib64/gcc/x86_64-suse-linux/10 -L/usr/lib64/gcc/x86_64-suse-linux/10/../../../../lib64 -L/lib/../lib64 -L/usr/lib/../lib64 -L/usr/lib64/gcc/x86_64-suse-linux/10/../../../../x86_64-suse-linux/lib -L/usr/lib64/gcc/x86_64-suse-linux/10/../../.. CMakeFiles/cmTC_54ed4.dir/CMakeCXXCompilerABI.cpp.o -lstdc++ -lm -lgcc_s -lgcc -lc -lgcc_s -lgcc /usr/lib64/gcc/x86_64-suse-linux/10/crtend.o /usr/lib64/gcc/x86_64-suse-linux/10/../../../../lib64/crtn.o
COLLECT_GCC_OPTIONS='-v' '-o' 'cmTC_54ed4' '-shared-libgcc' '-mtune=generic' '-march=x86-64'
gmake[1]: Leaving directory '/home/bscuser/new/io-scheduler/build/CMakeFiles/CMakeTmp'



Parsed CXX implicit include dir info from above output: rv=done
  found start of include info
  found start of implicit include info
    add: [/usr/include/c++/10]
    add: [/usr/include/c++/10/x86_64-suse-linux]
    add: [/usr/include/c++/10/backward]
    add: [/usr/lib64/gcc/x86_64-suse-linux/10/include]
    add: [/usr/local/include]
    add: [/usr/lib64/gcc/x86_64-suse-linux/10/include-fixed]
    add: [/usr/lib64/gcc/x86_64-suse-linux/10/../../../../x86_64-suse-linux/include]
    add: [/usr/include]
  end of search list found
  collapse include dir [/usr/include/c++/10] ==> [/usr/include/c++/10]
  collapse include dir [/usr/include/c++/10/x86_64-suse-linux] ==> [/usr/include/c++/10/x86_64-suse-linux]
  collapse include dir [/usr/include/c++/10/backward] ==> [/usr/include/c++/10/backward]
  collapse include dir [/usr/lib64/gcc/x86_64-suse-linux/10/include] ==> [/usr/lib64/gcc/x86_64-suse-linux/10/include]
  collapse include dir [/usr/local/include] ==> [/usr/local/include]
  collapse include dir [/usr/lib64/gcc/x86_64-suse-linux/10/include-fixed] ==> [/usr/lib64/gcc/x86_64-suse-linux/10/include-fixed]
  collapse include dir [/usr/lib64/gcc/x86_64-suse-linux/10/../../../../x86_64-suse-linux/include] ==> [/usr/x86_64-suse-linux/include]
  collapse include dir [/usr/include] ==> [/usr/include]
  implicit include dirs: [/usr/include/c++/10;/usr/include/c++/10/x86_64-suse-linux;/usr/include/c++/10/backward;/usr/lib64/gcc/x86_64-suse-linux/10/include;/usr/local/include;/usr/lib64/gcc/x86_64-suse-linux/10/include-fixed;/usr/x86_64-suse-linux/include;/usr/include]


Parsed CXX implicit link information from above output:
  link line regex: [^( *|.*[/\])(ld|CMAKE_LINK_STARTFILE-NOTFOUND|([^/\]+-)?ld|collect2)[^/\]*( |$)]
  ignore line: [Change Dir: /home/bscuser/new/io-scheduler/build/CMakeFiles/CMakeTmp]
  ignore line: []
  ignore line: [Run Build Command(s):/usr/bin/gmake cmTC_54ed4/fast && /usr/bin/gmake -f CMakeFiles/cmTC_54ed4.dir/build.make CMakeFiles/cmTC_54ed4.dir/build]
  ignore line: [gmake[1]: Entering directory '/home/bscuser/new/io-scheduler/build/CMakeFiles/CMakeTmp']
  ignore line: [Building CXX object CMakeFiles/cmTC_54ed4.dir/CMakeCXXCompilerABI.cpp.o]
  ignore line: [/usr/bin/g++-10    -v -o CMakeFiles/cmTC_54ed4.dir/CMakeCXXCompilerABI.cpp.o -c /usr/share/cmake/Modules/CMakeCXXCompilerABI.cpp]
  ignore line: [Using built-in specs.]
  ignore line: [COLLECT_GCC=/usr/bin/g++-10]
  ignore line: [OFFLOAD_TARGET_NAMES=nvptx-none]
  ignore line: [OFFLOAD_TARGET_DEFAULT=1]
  ignore line: [Target: x86_64-suse-linux]
  ignore line: [Configured with: ../configure --prefix=/usr --infodir=/usr/share/info --mandir=/usr/share/man --libdir=/usr/lib64 --libexecdir=/usr/lib64 --enable-languages=c c++ objc fortran obj-c++ ada go d --enable-offload-targets=nvptx-none  --without-cuda-driver --enable-checking=release --disable-werror --with-gxx-include-dir=/usr/include/c++/10 --enable-ssp --disable-libssp --disable-libvtv --enable-cet=auto --disable-libcc1 --disable-plugin --with-bugurl=https://bugs.opensuse.org/ --with-pkgversion='SUSE Linux' --with-slibdir=/lib64 --with-system-zlib --enable-libstdcxx-allocator=new --disable-libstdcxx-pch --enable-libphobos --enable-version-specific-runtime-libs --with-gcc-major-version-only --enable-linker-build-id --enable-linux-futex --enable-gnu-indirect-function --program-suffix=-10 --without-system-libunwind --enable-multilib --with-arch-32=x86-64 --with-tune=generic --build=x86_64-suse-linux --host=x86_64-suse-linux]
  ignore line: [Thread model: posix]
  ignore line: [Supported LTO compression algorithms: zlib]
  ignore line: [gcc version 10.3.0 (SUSE Linux) ]
  ignore line: [COLLECT_GCC_OPTIONS='-v' '-o' 'CMakeFiles/cmTC_54ed4.dir/CMakeCXXCompilerABI.cpp.o' '-c' '-shared-libgcc' '-mtune=generic' '-march=x86-64']
  ignore line: [ /usr/lib64/gcc/x86_64-suse-linux/10/cc1plus -quiet -v -D_GNU_SOURCE /usr/share/cmake/Modules/CMakeCXXCompilerABI.cpp -quiet -dumpbase CMakeCXXCompilerABI.cpp -mtune=generic -march=x86-64 -auxbase-strip CMakeFiles/cmTC_54ed4.dir/CMakeCXXCompilerABI.cpp.o -version -o /tmp/ccpjiwBr.s]
  ignore line: [GNU C++14 (SUSE Linux) version 10.3.0 (x86_64-suse-linux)]
  ignore line: [	compiled by GNU C version 10.3.0  GMP version 6.1.2  MPFR version 4.0.2-p6  MPC version 1.1.0  isl version isl-0.18-GMP]
  ignore line: []
  ignore line: [GGC heuristics: --param ggc-min-expand=100 --param ggc-min-heapsize=131072]
  ignore line: [#include "..." search starts here:]
  ignore line: [#include <...> search starts here:]
  ignore line: [ /usr/include/c++/10]
  ignore line: [ /usr/include/c++/10/x86_64-suse-linux]
  ignore line: [ /usr/include/c++/10/backward]
  ignore line: [ /usr/lib64/gcc/x86_64-suse-linux/10/include]
  ignore line: [ /usr/local/include]
  ignore line: [ /usr/lib64/gcc/x86_64-suse-linux/10/include-fixed]
  ignore line: [ /usr/lib64/gcc/x86_64-suse-linux/10/../../../../x86_64-suse-linux/include]
  ignore line: [ /usr/include]
  ignore line: [End of search list.]
  ignore line: [GNU C++14 (SUSE Linux) version 10.3.0 (x86_64-suse-linux)]
  ignore line: [	compiled by GNU C version 10.3.0  GMP version 6.1.2  MPFR version 4.0.2-p6  MPC version 1.1.0  isl version isl-0.18-GMP]
  ignore line: []
  ignore line: [GGC heuristics: --param ggc-min-expand=100 --param ggc-min-heapsize=131072]
  ignore line: [Compiler executable checksum: 00000000000000000000000000000000]
  ignore line: [COLLECT_GCC_OPTIONS='-v' '-o' 'CMakeFiles/cmTC_54ed4.dir/CMakeCXXCompilerABI.cpp.o' '-c' '-shared-libgcc' '-mtune=generic' '-march=x86-64']
  ignore line: [ /usr/lib64/gcc/x86_64-suse-linux/10/../../../../x86_64-suse-linux/bin/as -v --64 -o CMakeFiles/cmTC_54ed4.dir/CMakeCXXCompilerABI.cpp.o /tmp/ccpjiwBr.s]
  ignore line: [GNU assembler version 2.37 (x86_64-suse-linux) using BFD version (GNU Binutils]
  ignore line: [ SUSE Linux Enterprise 15) 2.37.20211103-7.26]
  ignore line: [COMPILER_PATH=/usr/lib64/gcc/x86_64-suse-linux/10/:/usr/lib64/gcc/x86_64-suse-linux/10/:/usr/lib64/gcc/x86_64-suse-linux/:/usr/lib64/gcc/x86_64-suse-linux/10/:/usr/lib64/gcc/x86_64-suse-linux/:/usr/lib64/gcc/x86_64-suse-linux/10/../../../../x86_64-suse-linux/bin/]
  ignore line: [LIBRARY_PATH=/usr/lib64/gcc/x86_64-suse-linux/10/:/usr/lib64/gcc/x86_64-suse-linux/10/../../../../lib64/:/lib/../lib64/:/usr/lib/../lib64/:/usr/lib64/gcc/x86_64-suse-linux/10/../../../../x86_64-suse-linux/lib/:/usr/lib64/gcc/x86_64-suse-linux/10/../../../:/lib/:/usr/lib/]
  ignore line: [COLLECT_GCC_OPTIONS='-v' '-o' 'CMakeFiles/cmTC_54ed4.dir/CMakeCXXCompilerABI.cpp.o' '-c' '-shared-libgcc' '-mtune=generic' '-march=x86-64']
  ignore line: [Linking CXX executable cmTC_54ed4]
  ignore line: [/usr/bin/cmake -E cmake_link_script CMakeFiles/cmTC_54ed4.dir/link.txt --verbose=1]
  ignore line: [/usr/bin/g++-10      -v CMakeFiles/cmTC_54ed4.dir/CMakeCXXCompilerABI.cpp.o  -o cmTC_54ed4 ]
  ignore line: [Using built-in specs.]
  ignore line: [COLLECT_GCC=/usr/bin/g++-10]
  ignore line: [COLLECT_LTO_WRAPPER=/usr/lib64/gcc/x86_64-suse-linux/10/lto-wrapper]
  ignore line: [OFFLOAD_TARGET_NAMES=nvptx-none]
  ignore line: [OFFLOAD_TARGET_DEFAULT=1]
  ignore line: [Target: x86_64-suse-linux]
  ignore line: [Configured with: ../configure --prefix=/usr --infodir=/usr/share/info --mandir=/usr/share/man --libdir=/usr/lib64 --libexecdir=/usr/lib64 --enable-languages=c c++ objc fortran obj-c++ ada go d --enable-offload-targets=nvptx-none  --without-cuda-driver --enable-checking=release --disable-werror --with-gxx-include-dir=/usr/include/c++/10 --enable-ssp --disable-libssp --disable-libvtv --enable-cet=auto --disable-libcc1 --disable-plugin --with-bugurl=https://bugs.opensuse.org/ --with-pkgversion='SUSE Linux' --with-slibdir=/lib64 --with-system-zlib --enable-libstdcxx-allocator=new --disable-libstdcxx-pch --enable-libphobos --enable-version-specific-runtime-libs --with-gcc-major-version-only --enable-linker-build-id --enable-linux-futex --enable-gnu-indirect-function --program-suffix=-10 --without-system-libunwind --enable-multilib --with-arch-32=x86-64 --with-tune=generic --build=x86_64-suse-linux --host=x86_64-suse-linux]
  ignore line: [Thread model: posix]
  ignore line: [Supported LTO compression algorithms: zlib]
  ignore line: [gcc version 10.3.0 (SUSE Linux) ]
  ignore line: [COMPILER_PATH=/usr/lib64/gcc/x86_64-suse-linux/10/:/usr/lib64/gcc/x86_64-suse-linux/10/:/usr/lib64/gcc/x86_64-suse-linux/:/usr/lib64/gcc/x86_64-suse-linux/10/:/usr/lib64/gcc/x86_64-suse-linux/:/usr/lib64/gcc/x86_64-suse-linux/10/../../../../x86_64-suse-linux/bin/]
  ignore line: [LIBRARY_PATH=/usr/lib64/gcc/x86_64-suse-linux/10/:/usr/lib64/gcc/x86_64-suse-linux/10/../../../../lib64/:/lib/../lib64/:/usr/lib/../lib64/:/usr/lib64/gcc/x86_64-suse-linux/10/../../../../x86_64-suse-linux/lib/:/usr/lib64/gcc/x86_64-suse-linux/10/../../../:/lib/:/usr/lib/]
  ignore line: [COLLECT_GCC_OPTIONS='-v' '-o' 'cmTC_54ed4' '-shared-libgcc' '-mtune=generic' '-march=x86-64']
  link line: [ /usr/lib64/gcc/x86_64-suse-linux/10/collect2 -plugin /usr/lib64/gcc/x86_64-suse-linux/10/liblto_plugin.so -plugin-opt=/usr/lib64/gcc/x86_64-suse-linux/10/lto-wrapper -plugin-opt=-fresolution=/tmp/ccUxO6PL.res -plugin-opt=-pass-through=-lgcc_s -plugin-opt=-pass-through=-lgcc -plugin-opt=-pass-through=-lc -plugin-opt=-pass-through=-lgcc_s -plugin-opt=-pass-through=-lgcc --build-id --eh-frame-hdr -m elf_x86_64 -dynamic-linker /lib64/ld-linux-x86-64.so.2 -o cmTC_54ed4 /usr/lib64/gcc/x86_64-suse-linux/10/../../../../lib64/crt1.o /usr/lib64/gcc/x86_64-suse-linux/10/../../../../lib64/crti.o /usr/lib64/gcc/x86_64-suse-linux/10/crtbegin.o -L/usr/lib64/gcc/x86_64-suse-linux/10 -L/usr/lib64/gcc/x86_64-suse-linux/10/../../../../lib64 -L/lib/../lib64 -L/usr/lib/../lib64 -L/usr/lib64/gcc/x86_64-suse-linux/10/../../../../x86_64-suse-linux/lib -L/usr/lib64/gcc/x86_64-suse-linux/10/../../.. CMakeFiles/cmTC_54ed4.dir/CMakeCXXCompilerABI.cpp.o -lstdc++ -lm -lgcc_s -lgcc -lc -lgcc_s -lgcc /usr/lib64/gcc/x86_64-suse-linux/10/crtend.o /usr/lib64/gcc/x86_64-suse-linux/10/../../../../lib64/crtn.o]
    arg [/usr/lib64/gcc/x86_64-suse-linux/10/collect2] ==> ignore
    arg [-plugin] ==> ignore
    arg [/usr/lib64/gcc/x86_64-suse-linux/10/liblto_plugin.so] ==> ignore
    arg [-plugin-opt=/usr/lib64/gcc/x86_64-suse-linux/10/lto-wrapper] ==> ignore
    arg [-plugin-opt=-fresolution=/tmp/ccUxO6PL.res] ==> ignore
    arg [-plugin-opt=-pass-through=-lgcc_s] ==> ignore
    arg [-plugin-opt=-pass-through=-lgcc] ==> ignore
    arg [-plugin-opt=-pass-through=-lc] ==> ignore
    arg [-plugin-opt=-pass-through=-lgcc_s] ==> ignore
    arg [-plugin-opt=-pass-through=-lgcc] ==> ignore
    arg [--build-id] ==> ignore
    arg [--eh-frame-hdr] ==> ignore
    arg [-m] ==> ignore
    arg [elf_x86_64] ==> ignore
    arg [-dynamic-linker] ==> ignore
    arg [/lib64/ld-linux-x86-64.so.2] ==> ignore
    arg [-o] ==> ignore
    arg [cmTC_54ed4] ==> ignore
    arg [/usr/lib64/gcc/x86_64-suse-linux/10/../../../../lib64/crt1.o] ==> ignore
    arg [/usr/lib64/gcc/x86_64-suse-linux/10/../../../../lib64/crti.o] ==> ignore
    arg [/usr/lib64/gcc/x86_64-suse-linux/10/crtbegin.o] ==> ignore
    arg [-L/usr/lib64/gcc/x86_64-suse-linux/10] ==> dir [/usr/lib64/gcc/x86_64-suse-linux/10]
    arg [-L/usr/lib64/gcc/x86_64-suse-linux/10/../../../../lib64] ==> dir [/usr/lib64/gcc/x86_64-suse-linux/10/../../../../lib64]
    arg [-L/lib/../lib64] ==> dir [/lib/../lib64]
    arg [-L/usr/lib/../lib64] ==> dir [/usr/lib/../lib64]
    arg [-L/usr/lib64/gcc/x86_64-suse-linux/10/../../../../x86_64-suse-linux/lib] ==> dir [/usr/lib64/gcc/x86_64-suse-linux/10/../../../../x86_64-suse-linux/lib]
    arg [-L/usr/lib64/gcc/x86_64-suse-linux/10/../../..] ==> dir [/usr/lib64/gcc/x86_64-suse-linux/10/../../..]
    arg [CMakeFiles/cmTC_54ed4.dir/CMakeCXXCompilerABI.cpp.o] ==> ignore
    arg [-lstdc++] ==> lib [stdc++]
    arg [-lm] ==> lib [m]
    arg [-lgcc_s] ==> lib [gcc_s]
    arg [-lgcc] ==> lib [gcc]
    arg [-lc] ==> lib [c]
    arg [-lgcc_s] ==> lib [gcc_s]
    arg [-lgcc] ==> lib [gcc]
    arg [/usr/lib64/gcc/x86_64-suse-linux/10/crtend.o] ==> ignore
    arg [/usr/lib64/gcc/x86_64-suse-linux/10/../../../../lib64/crtn.o] ==> ignore
  collapse library dir [/usr/lib64/gcc/x86_64-suse-linux/10] ==> [/usr/lib64/gcc/x86_64-suse-linux/10]
  collapse library dir [/usr/lib64/gcc/x86_64-suse-linux/10/../../../../lib64] ==> [/usr/lib64]
  collapse library dir [/lib/../lib64] ==> [/lib64]
  collapse library dir [/usr/lib/../lib64] ==> [/usr/lib64]
  collapse library dir [/usr/lib64/gcc/x86_64-suse-linux/10/../../../../x86_64-suse-linux/lib] ==> [/usr/x86_64-suse-linux/lib]
  collapse library dir [/usr/lib64/gcc/x86_64-suse-linux/10/../../..] ==> [/usr/lib64]
  implicit libs: [stdc++;m;gcc_s;gcc;c;gcc_s;gcc]
  implicit dirs: [/usr/lib64/gcc/x86_64-suse-linux/10;/usr/lib64;/lib64;/usr/x86_64-suse-linux/lib]
  implicit fwks: []


Performing C++ SOURCE FILE Test has_std_17_flag succeeded with the following output:
Change Dir: /home/bscuser/new/io-scheduler/build/CMakeFiles/CMakeTmp

Run Build Command(s):/usr/bin/gmake cmTC_910e5/fast && /usr/bin/gmake -f CMakeFiles/cmTC_910e5.dir/build.make CMakeFiles/cmTC_910e5.dir/build
gmake[1]: Entering directory '/home/bscuser/new/io-scheduler/build/CMakeFiles/CMakeTmp'
Building CXX object CMakeFiles/cmTC_910e5.dir/src.cxx.o
/usr/bin/g++-10    -Dhas_std_17_flag   -std=c++17 -std=gnu++17 -o CMakeFiles/cmTC_910e5.dir/src.cxx.o -c /home/bscuser/new/io-scheduler/build/CMakeFiles/CMakeTmp/src.cxx
Linking CXX executable cmTC_910e5
/usr/bin/cmake -E cmake_link_script CMakeFiles/cmTC_910e5.dir/link.txt --verbose=1
/usr/bin/g++-10   -Dhas_std_17_flag    CMakeFiles/cmTC_910e5.dir/src.cxx.o  -o cmTC_910e5 
gmake[1]: Leaving directory '/home/bscuser/new/io-scheduler/build/CMakeFiles/CMakeTmp'


Source file was:
int main() { return 0; }
Performing C++ SOURCE FILE Test has_std_1z_flag succeeded with the following output:
Change Dir: /home/bscuser/new/io-scheduler/build/CMakeFiles/CMakeTmp

Run Build Command(s):/usr/bin/gmake cmTC_61c3d/fast && /usr/bin/gmake -f CMakeFiles/cmTC_61c3d.dir/build.make CMakeFiles/cmTC_61c3d.dir/build
gmake[1]: Entering directory '/home/bscuser/new/io-scheduler/build/CMakeFiles/CMakeTmp'
Building CXX object CMakeFiles/cmTC_61c3d.dir/src.cxx.o
/usr/bin/g++-10    -Dhas_std_1z_flag   -std=c++1z -std=gnu++17 -o CMakeFiles/cmTC_61c3d.dir/src.cxx.o -c /home/bscuser/new/io-scheduler/build/CMakeFiles/CMakeTmp/src.cxx
Linking CXX executable cmTC_61c3d
/usr/bin/cmake -E cmake_link_script CMakeFiles/cmTC_61c3d.dir/link.txt --verbose=1
/usr/bin/g++-10   -Dhas_std_1z_flag    CMakeFiles/cmTC_61c3d.dir/src.cxx.o  -o cmTC_61c3d 
gmake[1]: Leaving directory '/home/bscuser/new/io-scheduler/build/CMakeFiles/CMakeTmp'


Source file was:
int main() { return 0; }
Performing C++ SOURCE FILE Test SUPPORTS_USER_DEFINED_LITERALS succeeded with the following output:
Change Dir: /home/bscuser/new/io-scheduler/build/CMakeFiles/CMakeTmp

Run Build Command(s):/usr/bin/gmake cmTC_81edb/fast && /usr/bin/gmake -f CMakeFiles/cmTC_81edb.dir/build.make CMakeFiles/cmTC_81edb.dir/build
gmake[1]: se entra en el directorio '/home/bscuser/new/io-scheduler/build/CMakeFiles/CMakeTmp'
Building CXX object CMakeFiles/cmTC_81edb.dir/src.cxx.o
/usr/bin/g++-10    -DSUPPORTS_USER_DEFINED_LITERALS -std=c++17   -std=gnu++17 -o CMakeFiles/cmTC_81edb.dir/src.cxx.o -c /home/bscuser/new/io-scheduler/build/CMakeFiles/CMakeTmp/src.cxx
Linking CXX executable cmTC_81edb
/usr/bin/cmake -E cmake_link_script CMakeFiles/cmTC_81edb.dir/link.txt --verbose=1
/usr/bin/g++-10   -DSUPPORTS_USER_DEFINED_LITERALS -std=c++17    CMakeFiles/cmTC_81edb.dir/src.cxx.o  -o cmTC_81edb 
gmake[1]: se sale del directorio '/home/bscuser/new/io-scheduler/build/CMakeFiles/CMakeTmp'


Source file was:

  void operator"" _udl(long double);
  int main() {}
Performing C++ SOURCE FILE Test FMT_HAS_VARIANT succeeded with the following output:
Change Dir: /home/bscuser/new/io-scheduler/build/CMakeFiles/CMakeTmp

Run Build Command(s):/usr/bin/gmake cmTC_83002/fast && /usr/bin/gmake -f CMakeFiles/cmTC_83002.dir/build.make CMakeFiles/cmTC_83002.dir/build
gmake[1]: se entra en el directorio '/home/bscuser/new/io-scheduler/build/CMakeFiles/CMakeTmp'
Building CXX object CMakeFiles/cmTC_83002.dir/src.cxx.o
/usr/bin/g++-10    -DFMT_HAS_VARIANT -std=c++1z   -std=gnu++17 -o CMakeFiles/cmTC_83002.dir/src.cxx.o -c /home/bscuser/new/io-scheduler/build/CMakeFiles/CMakeTmp/src.cxx
Linking CXX executable cmTC_83002
/usr/bin/cmake -E cmake_link_script CMakeFiles/cmTC_83002.dir/link.txt --verbose=1
/usr/bin/g++-10   -DFMT_HAS_VARIANT -std=c++1z    CMakeFiles/cmTC_83002.dir/src.cxx.o  -o cmTC_83002 
gmake[1]: se sale del directorio '/home/bscuser/new/io-scheduler/build/CMakeFiles/CMakeTmp'


Source file was:

  #include <variant>
  int main() {}
Determining if the strtod_l exist passed with the following output:
Change Dir: /home/bscuser/new/io-scheduler/build/CMakeFiles/CMakeTmp

Run Build Command(s):/usr/bin/gmake cmTC_5397e/fast && /usr/bin/gmake -f CMakeFiles/cmTC_5397e.dir/build.make CMakeFiles/cmTC_5397e.dir/build
gmake[1]: se entra en el directorio '/home/bscuser/new/io-scheduler/build/CMakeFiles/CMakeTmp'
Building CXX object CMakeFiles/cmTC_5397e.dir/CheckSymbolExists.cxx.o
/usr/bin/g++-10    -std=gnu++17 -o CMakeFiles/cmTC_5397e.dir/CheckSymbolExists.cxx.o -c /home/bscuser/new/io-scheduler/build/CMakeFiles/CMakeTmp/CheckSymbolExists.cxx
Linking CXX executable cmTC_5397e
/usr/bin/cmake -E cmake_link_script CMakeFiles/cmTC_5397e.dir/link.txt --verbose=1
/usr/bin/g++-10       CMakeFiles/cmTC_5397e.dir/CheckSymbolExists.cxx.o  -o cmTC_5397e 
gmake[1]: se sale del directorio '/home/bscuser/new/io-scheduler/build/CMakeFiles/CMakeTmp'


File /home/bscuser/new/io-scheduler/build/CMakeFiles/CMakeTmp/CheckSymbolExists.cxx:
/* */
#include <stdlib.h>

int main(int argc, char** argv)
{
  (void)argv;
#ifndef strtod_l
  return ((int*)(&strtod_l))[argc];
#else
  (void)argc;
  return 0;
#endif
}
Determining if the include file pthread.h exists passed with the following output:
Change Dir: /home/bscuser/new/io-scheduler/build/CMakeFiles/CMakeTmp

Run Build Command(s):/usr/bin/gmake cmTC_45897/fast && /usr/bin/gmake -f CMakeFiles/cmTC_45897.dir/build.make CMakeFiles/cmTC_45897.dir/build
gmake[1]: se entra en el directorio '/home/bscuser/new/io-scheduler/build/CMakeFiles/CMakeTmp'
Building CXX object CMakeFiles/cmTC_45897.dir/CheckIncludeFile.cxx.o
/usr/bin/g++-10    -std=c++17 -o CMakeFiles/cmTC_45897.dir/CheckIncludeFile.cxx.o -c /home/bscuser/new/io-scheduler/build/CMakeFiles/CMakeTmp/CheckIncludeFile.cxx
Linking CXX executable cmTC_45897
/usr/bin/cmake -E cmake_link_script CMakeFiles/cmTC_45897.dir/link.txt --verbose=1
/usr/bin/g++-10       CMakeFiles/cmTC_45897.dir/CheckIncludeFile.cxx.o  -o cmTC_45897 
gmake[1]: se sale del directorio '/home/bscuser/new/io-scheduler/build/CMakeFiles/CMakeTmp'



Determining if the function pthread_create exists in the pthread passed with the following output:
Change Dir: /home/bscuser/new/io-scheduler/build/CMakeFiles/CMakeTmp

Run Build Command(s):/usr/bin/gmake cmTC_10fd7/fast && /usr/bin/gmake -f CMakeFiles/cmTC_10fd7.dir/build.make CMakeFiles/cmTC_10fd7.dir/build
gmake[1]: se entra en el directorio '/home/bscuser/new/io-scheduler/build/CMakeFiles/CMakeTmp'
Building CXX object CMakeFiles/cmTC_10fd7.dir/CheckFunctionExists.cxx.o
/usr/bin/g++-10    -DCHECK_FUNCTION_EXISTS=pthread_create   -std=c++17 -o CMakeFiles/cmTC_10fd7.dir/CheckFunctionExists.cxx.o -c /home/bscuser/new/io-scheduler/build/CMakeFiles/CheckLibraryExists/CheckFunctionExists.cxx
Linking CXX executable cmTC_10fd7
/usr/bin/cmake -E cmake_link_script CMakeFiles/cmTC_10fd7.dir/link.txt --verbose=1
/usr/bin/g++-10   -DCHECK_FUNCTION_EXISTS=pthread_create    CMakeFiles/cmTC_10fd7.dir/CheckFunctionExists.cxx.o  -o cmTC_10fd7  -lpthread 
gmake[1]: se sale del directorio '/home/bscuser/new/io-scheduler/build/CMakeFiles/CMakeTmp'



